<?xml version="1.0" encoding="UTF-8"?>
<testng-results ignored="0" total="1" passed="1" failed="0" skipped="0">
  <reporter-output>
  </reporter-output>
  <suite started-at="2024-01-04T03:26:05Z" name="Default suite" finished-at="2024-01-04T03:26:15Z" duration-ms="10907">
    <groups>
    </groups>
    <test started-at="2024-01-04T03:26:05Z" name="Default test" finished-at="2024-01-04T03:26:15Z" duration-ms="10907">
      <class name="com.selenium.jenkins.Test">
        <test-method is-config="true" signature="precondition1()[pri:0, instance:com.selenium.jenkins.Test@3098cf3b]" started-at="2024-01-04T03:26:05Z" name="precondition1" finished-at="2024-01-04T03:26:13Z" duration-ms="8874" status="PASS">
          <reporter-output>
          </reporter-output>
        </test-method> <!-- precondition1 -->
        <test-method signature="test()[pri:0, instance:com.selenium.jenkins.Test@3098cf3b]" started-at="2024-01-04T03:26:13Z" name="test" finished-at="2024-01-04T03:26:14Z" duration-ms="411" status="PASS">
          <reporter-output>
          </reporter-output>
        </test-method> <!-- test -->
        <test-method is-config="true" signature="closebrowser()[pri:0, instance:com.selenium.jenkins.Test@3098cf3b]" started-at="2024-01-04T03:26:14Z" name="closebrowser" finished-at="2024-01-04T03:26:15Z" duration-ms="1576" status="PASS">
          <reporter-output>
          </reporter-output>
        </test-method> <!-- closebrowser -->
      </class> <!-- com.selenium.jenkins.Test -->
    </test> <!-- Default test -->
  </suite> <!-- Default suite -->
</testng-results>
